<?xml version="1.0" encoding="UTF-8"?>
<!-- Generated by org.testng.reporters.JUnitXMLReporter -->
<testsuite ignored="0" hostname="krs" failures="1" tests="1" name="Default test" time="0.884" errors="0" timestamp="16 Jul 2021 07:02:46 GMT">
  <testcase classname="io.cucumber.testng.AbstractTestNGCucumberTests" name="runScenario" time="0.317">
    <failure type="java.lang.NullPointerException" message="Cannot invoke &amp;quot;java.util.Properties.getProperty(String)&amp;quot; because &amp;quot;Pages.LoginPage.prop&amp;quot; is null">
      <![CDATA[java.lang.NullPointerException: Cannot invoke "java.util.Properties.getProperty(String)" because "Pages.LoginPage.prop" is null
at Pages.LoginPage.openUrl(LoginPage.java:15)
at testSuite.LoginStep.user_is_on_login_page(LoginStep.java:12)
at ✽.user is on login page(file:///D:/MagnitiaSelenium/Salesforce/src/test/java/testSuite/Login.feature:8)
]]>
    </failure>
  </testcase> <!-- runScenario -->
</testsuite> <!-- Default test -->
