<?xml version="1.0" encoding="UTF-8"?>
<testng-results ignored="0" total="9" passed="9" failed="0" skipped="0">
  <reporter-output>
  </reporter-output>
  <suite started-at="2021-07-26T11:37:56Z" name="Salesforce" finished-at="2021-07-26T11:41:24Z" duration-ms="208327">
    <groups>
      <group name="cucumber">
        <method signature="AbstractTestNGCucumberTests.runScenario(io.cucumber.testng.PickleWrapper, io.cucumber.testng.FeatureWrapper)[pri:0, instance:testSuite.Lead_Run@1ba9117e]" name="runScenario" class="io.cucumber.testng.AbstractTestNGCucumberTests"/>
        <method signature="AbstractTestNGCucumberTests.runScenario(io.cucumber.testng.PickleWrapper, io.cucumber.testng.FeatureWrapper)[pri:0, instance:testSuite.Lead_opsRun@732c2a62]" name="runScenario" class="io.cucumber.testng.AbstractTestNGCucumberTests"/>
        <method signature="AbstractTestNGCucumberTests.runScenario(io.cucumber.testng.PickleWrapper, io.cucumber.testng.FeatureWrapper)[pri:0, instance:testSuite.Login_Run@a3d8174]" name="runScenario" class="io.cucumber.testng.AbstractTestNGCucumberTests"/>
      </group> <!-- cucumber -->
    </groups>
    <test started-at="2021-07-26T11:37:56Z" name="smoketest" finished-at="2021-07-26T11:41:24Z" duration-ms="208327">
      <class name="testSuite.Lead_Run">
        <test-method is-config="true" signature="setUpClass()[pri:0, instance:testSuite.Lead_Run@1ba9117e]" started-at="2021-07-26T11:38:22Z" name="setUpClass" finished-at="2021-07-26T11:38:22Z" duration-ms="102" status="PASS">
          <reporter-output>
          </reporter-output>
        </test-method> <!-- setUpClass -->
        <test-method signature="runScenario(io.cucumber.testng.PickleWrapper, io.cucumber.testng.FeatureWrapper)[pri:0, instance:testSuite.Lead_Run@1ba9117e]" started-at="2021-07-26T11:38:22Z" name="runScenario" description="Runs Cucumber Scenarios" data-provider="scenarios" finished-at="2021-07-26T11:38:28Z" duration-ms="5878" status="PASS">
          <params>
            <param index="0">
              <value>
                <![CDATA["Check the new lead button"]]>
              </value>
            </param>
            <param index="1">
              <value>
                <![CDATA["Optional[Create new lead]"]]>
              </value>
            </param>
          </params>
          <reporter-output>
          </reporter-output>
        </test-method> <!-- runScenario -->
        <test-method signature="runScenario(io.cucumber.testng.PickleWrapper, io.cucumber.testng.FeatureWrapper)[pri:0, instance:testSuite.Lead_Run@1ba9117e]" started-at="2021-07-26T11:38:28Z" name="runScenario" description="Runs Cucumber Scenarios" data-provider="scenarios" finished-at="2021-07-26T11:38:31Z" duration-ms="3385" status="PASS">
          <params>
            <param index="0">
              <value>
                <![CDATA["Fill the new lead form"]]>
              </value>
            </param>
            <param index="1">
              <value>
                <![CDATA["Optional[Create new lead]"]]>
              </value>
            </param>
          </params>
          <reporter-output>
          </reporter-output>
        </test-method> <!-- runScenario -->
        <test-method signature="runScenario(io.cucumber.testng.PickleWrapper, io.cucumber.testng.FeatureWrapper)[pri:0, instance:testSuite.Lead_Run@1ba9117e]" started-at="2021-07-26T11:38:31Z" name="runScenario" description="Runs Cucumber Scenarios" data-provider="scenarios" finished-at="2021-07-26T11:39:03Z" duration-ms="31531" status="PASS">
          <params>
            <param index="0">
              <value>
                <![CDATA["To delete a lead"]]>
              </value>
            </param>
            <param index="1">
              <value>
                <![CDATA["Optional[Create new lead]"]]>
              </value>
            </param>
          </params>
          <reporter-output>
          </reporter-output>
        </test-method> <!-- runScenario -->
        <test-method signature="runScenario(io.cucumber.testng.PickleWrapper, io.cucumber.testng.FeatureWrapper)[pri:0, instance:testSuite.Lead_Run@1ba9117e]" started-at="2021-07-26T11:39:03Z" name="runScenario" description="Runs Cucumber Scenarios" data-provider="scenarios" finished-at="2021-07-26T11:39:49Z" duration-ms="46814" status="PASS">
          <params>
            <param index="0">
              <value>
                <![CDATA["complete the edit form"]]>
              </value>
            </param>
            <param index="1">
              <value>
                <![CDATA["Optional[Create new lead]"]]>
              </value>
            </param>
          </params>
          <reporter-output>
          </reporter-output>
        </test-method> <!-- runScenario -->
        <test-method signature="runScenario(io.cucumber.testng.PickleWrapper, io.cucumber.testng.FeatureWrapper)[pri:0, instance:testSuite.Lead_Run@1ba9117e]" started-at="2021-07-26T11:39:49Z" name="runScenario" description="Runs Cucumber Scenarios" data-provider="scenarios" finished-at="2021-07-26T11:39:58Z" duration-ms="8725" status="PASS">
          <params>
            <param index="0">
              <value>
                <![CDATA["Lead is generated from enquiry form"]]>
              </value>
            </param>
            <param index="1">
              <value>
                <![CDATA["Optional[Create new lead]"]]>
              </value>
            </param>
          </params>
          <reporter-output>
          </reporter-output>
        </test-method> <!-- runScenario -->
        <test-method is-config="true" signature="tearDownClass()[pri:0, instance:testSuite.Lead_Run@1ba9117e]" started-at="2021-07-26T11:39:58Z" name="tearDownClass" finished-at="2021-07-26T11:39:58Z" duration-ms="4" status="PASS">
          <reporter-output>
          </reporter-output>
        </test-method> <!-- tearDownClass -->
      </class> <!-- testSuite.Lead_Run -->
      <class name="testSuite.Lead_opsRun">
        <test-method is-config="true" signature="setUpClass()[pri:0, instance:testSuite.Lead_opsRun@732c2a62]" started-at="2021-07-26T11:39:58Z" name="setUpClass" finished-at="2021-07-26T11:39:58Z" duration-ms="16" status="PASS">
          <reporter-output>
          </reporter-output>
        </test-method> <!-- setUpClass -->
        <test-method signature="runScenario(io.cucumber.testng.PickleWrapper, io.cucumber.testng.FeatureWrapper)[pri:0, instance:testSuite.Lead_opsRun@732c2a62]" started-at="2021-07-26T11:39:58Z" name="runScenario" description="Runs Cucumber Scenarios" data-provider="scenarios" finished-at="2021-07-26T11:40:30Z" duration-ms="31401" status="PASS">
          <params>
            <param index="0">
              <value>
                <![CDATA["convert lead to contact"]]>
              </value>
            </param>
            <param index="1">
              <value>
                <![CDATA["Optional[To ckeck the operations of lead]"]]>
              </value>
            </param>
          </params>
          <reporter-output>
          </reporter-output>
        </test-method> <!-- runScenario -->
        <test-method signature="runScenario(io.cucumber.testng.PickleWrapper, io.cucumber.testng.FeatureWrapper)[pri:0, instance:testSuite.Lead_opsRun@732c2a62]" started-at="2021-07-26T11:40:30Z" name="runScenario" description="Runs Cucumber Scenarios" data-provider="scenarios" finished-at="2021-07-26T11:41:12Z" duration-ms="42893" status="PASS">
          <params>
            <param index="0">
              <value>
                <![CDATA["import the lead file"]]>
              </value>
            </param>
            <param index="1">
              <value>
                <![CDATA["Optional[To ckeck the operations of lead]"]]>
              </value>
            </param>
          </params>
          <reporter-output>
          </reporter-output>
        </test-method> <!-- runScenario -->
        <test-method signature="runScenario(io.cucumber.testng.PickleWrapper, io.cucumber.testng.FeatureWrapper)[pri:0, instance:testSuite.Lead_opsRun@732c2a62]" started-at="2021-07-26T11:41:12Z" name="runScenario" description="Runs Cucumber Scenarios" data-provider="scenarios" finished-at="2021-07-26T11:41:24Z" duration-ms="11480" status="PASS">
          <params>
            <param index="0">
              <value>
                <![CDATA["to compare the values in object Manager and drop down values are same"]]>
              </value>
            </param>
            <param index="1">
              <value>
                <![CDATA["Optional[To ckeck the operations of lead]"]]>
              </value>
            </param>
          </params>
          <reporter-output>
          </reporter-output>
        </test-method> <!-- runScenario -->
        <test-method is-config="true" signature="tearDownClass()[pri:0, instance:testSuite.Lead_opsRun@732c2a62]" started-at="2021-07-26T11:41:24Z" name="tearDownClass" finished-at="2021-07-26T11:41:24Z" duration-ms="6" status="PASS">
          <reporter-output>
          </reporter-output>
        </test-method> <!-- tearDownClass -->
      </class> <!-- testSuite.Lead_opsRun -->
      <class name="testSuite.Login_Run">
        <test-method is-config="true" signature="setUpClass()[pri:0, instance:testSuite.Login_Run@a3d8174]" started-at="2021-07-26T11:37:56Z" name="setUpClass" finished-at="2021-07-26T11:37:56Z" duration-ms="417" status="PASS">
          <reporter-output>
          </reporter-output>
        </test-method> <!-- setUpClass -->
        <test-method signature="runScenario(io.cucumber.testng.PickleWrapper, io.cucumber.testng.FeatureWrapper)[pri:0, instance:testSuite.Login_Run@a3d8174]" started-at="2021-07-26T11:37:56Z" name="runScenario" description="Runs Cucumber Scenarios" data-provider="scenarios" finished-at="2021-07-26T11:38:22Z" duration-ms="25583" status="PASS">
          <params>
            <param index="0">
              <value>
                <![CDATA["Validate valid login"]]>
              </value>
            </param>
            <param index="1">
              <value>
                <![CDATA["Optional[Validate login functionality]"]]>
              </value>
            </param>
          </params>
          <reporter-output>
          </reporter-output>
        </test-method> <!-- runScenario -->
        <test-method is-config="true" signature="tearDownClass()[pri:0, instance:testSuite.Login_Run@a3d8174]" started-at="2021-07-26T11:38:22Z" name="tearDownClass" finished-at="2021-07-26T11:38:22Z" duration-ms="25" status="PASS">
          <reporter-output>
          </reporter-output>
        </test-method> <!-- tearDownClass -->
      </class> <!-- testSuite.Login_Run -->
      <class name="base.base">
        <test-method is-config="true" signature="setUp()[pri:0, instance:base.base@44821a96]" started-at="2021-07-26T11:37:52Z" name="setUp" finished-at="2021-07-26T11:37:56Z" duration-ms="3807" status="PASS">
          <reporter-output>
          </reporter-output>
        </test-method> <!-- setUp -->
        <test-method is-config="true" signature="close()[pri:0, instance:base.base@44821a96]" started-at="2021-07-26T11:41:24Z" name="close" finished-at="2021-07-26T11:41:24Z" duration-ms="49" status="PASS">
          <reporter-output>
          </reporter-output>
        </test-method> <!-- close -->
      </class> <!-- base.base -->
    </test> <!-- smoketest -->
  </suite> <!-- Salesforce -->
</testng-results>
